Performing C SOURCE FILE Test CMAKE_HAVE_LIBC_PTHREAD failed with the following output:
Change Dir: /home/fernando/Documents/Semestre 2021-2/Sistemas Operativos - CCOMP6-2/practica02a_fernandoramirez/c++/build/CMakeFiles/CMakeTmp

Run Build Command(s):/usr/bin/make -f Makefile cmTC_bb269/fast && make[1]: Entering directory '/home/fernando/Documents/Semestre 2021-2/Sistemas Operativos - CCOMP6-2/practica02a_fernandoramirez/c++/build/CMakeFiles/CMakeTmp'
/usr/bin/make  -f CMakeFiles/cmTC_bb269.dir/build.make CMakeFiles/cmTC_bb269.dir/build
make[2]: Entering directory '/home/fernando/Documents/Semestre 2021-2/Sistemas Operativos - CCOMP6-2/practica02a_fernandoramirez/c++/build/CMakeFiles/CMakeTmp'
Building C object CMakeFiles/cmTC_bb269.dir/src.c.o
/usr/bin/cc -DCMAKE_HAVE_LIBC_PTHREAD   -o CMakeFiles/cmTC_bb269.dir/src.c.o -c "/home/fernando/Documents/Semestre 2021-2/Sistemas Operativos - CCOMP6-2/practica02a_fernandoramirez/c++/build/CMakeFiles/CMakeTmp/src.c"
Linking C executable cmTC_bb269
/snap/cmake/936/bin/cmake -E cmake_link_script CMakeFiles/cmTC_bb269.dir/link.txt --verbose=1
/usr/bin/cc CMakeFiles/cmTC_bb269.dir/src.c.o -o cmTC_bb269 
/usr/bin/ld: CMakeFiles/cmTC_bb269.dir/src.c.o: in function `main':
src.c:(.text+0x46): undefined reference to `pthread_create'
/usr/bin/ld: src.c:(.text+0x52): undefined reference to `pthread_detach'
/usr/bin/ld: src.c:(.text+0x5e): undefined reference to `pthread_cancel'
/usr/bin/ld: src.c:(.text+0x6f): undefined reference to `pthread_join'
collect2: error: ld returned 1 exit status
make[2]: *** [CMakeFiles/cmTC_bb269.dir/build.make:99: cmTC_bb269] Error 1
make[2]: Leaving directory '/home/fernando/Documents/Semestre 2021-2/Sistemas Operativos - CCOMP6-2/practica02a_fernandoramirez/c++/build/CMakeFiles/CMakeTmp'
make[1]: *** [Makefile:127: cmTC_bb269/fast] Error 2
make[1]: Leaving directory '/home/fernando/Documents/Semestre 2021-2/Sistemas Operativos - CCOMP6-2/practica02a_fernandoramirez/c++/build/CMakeFiles/CMakeTmp'


Source file was:
#include <pthread.h>

static void* test_func(void* data)
{
  return data;
}

int main(void)
{
  pthread_t thread;
  pthread_create(&thread, NULL, test_func, NULL);
  pthread_detach(thread);
  pthread_cancel(thread);
  pthread_join(thread, NULL);
  pthread_atfork(NULL, NULL, NULL);
  pthread_exit(NULL);

  return 0;
}

Determining if the function pthread_create exists in the pthreads failed with the following output:
Change Dir: /home/fernando/Documents/Semestre 2021-2/Sistemas Operativos - CCOMP6-2/practica02a_fernandoramirez/c++/build/CMakeFiles/CMakeTmp

Run Build Command(s):/usr/bin/make -f Makefile cmTC_62473/fast && make[1]: Entering directory '/home/fernando/Documents/Semestre 2021-2/Sistemas Operativos - CCOMP6-2/practica02a_fernandoramirez/c++/build/CMakeFiles/CMakeTmp'
/usr/bin/make  -f CMakeFiles/cmTC_62473.dir/build.make CMakeFiles/cmTC_62473.dir/build
make[2]: Entering directory '/home/fernando/Documents/Semestre 2021-2/Sistemas Operativos - CCOMP6-2/practica02a_fernandoramirez/c++/build/CMakeFiles/CMakeTmp'
Building C object CMakeFiles/cmTC_62473.dir/CheckFunctionExists.c.o
/usr/bin/cc   -DCHECK_FUNCTION_EXISTS=pthread_create -o CMakeFiles/cmTC_62473.dir/CheckFunctionExists.c.o -c /snap/cmake/936/share/cmake-3.21/Modules/CheckFunctionExists.c
Linking C executable cmTC_62473
/snap/cmake/936/bin/cmake -E cmake_link_script CMakeFiles/cmTC_62473.dir/link.txt --verbose=1
/usr/bin/cc  -DCHECK_FUNCTION_EXISTS=pthread_create CMakeFiles/cmTC_62473.dir/CheckFunctionExists.c.o -o cmTC_62473  -lpthreads 
/usr/bin/ld: cannot find -lpthreads
collect2: error: ld returned 1 exit status
make[2]: *** [CMakeFiles/cmTC_62473.dir/build.make:99: cmTC_62473] Error 1
make[2]: Leaving directory '/home/fernando/Documents/Semestre 2021-2/Sistemas Operativos - CCOMP6-2/practica02a_fernandoramirez/c++/build/CMakeFiles/CMakeTmp'
make[1]: *** [Makefile:127: cmTC_62473/fast] Error 2
make[1]: Leaving directory '/home/fernando/Documents/Semestre 2021-2/Sistemas Operativos - CCOMP6-2/practica02a_fernandoramirez/c++/build/CMakeFiles/CMakeTmp'



